#
# There is insufficient memory for the Java Runtime Environment to continue.
# Native memory allocation (malloc) failed to allocate 34496 bytes for Chunk::new
# Possible reasons:
#   The system is out of physical RAM or swap space
#   The process is running with CompressedOops enabled, and the Java Heap may be blocking the growth of the native heap
# Possible solutions:
#   Reduce memory load on the system
#   Increase physical memory or swap space
#   Check if swap backing store is full
#   Decrease Java heap size (-Xmx/-Xms)
#   Decrease number of Java threads
#   Decrease Java thread stack sizes (-Xss)
#   Set larger code cache with -XX:ReservedCodeCacheSize=
#   JVM is running with Unscaled Compressed Oops mode in which the Java heap is
#     placed in the first 4GB address space. The Java Heap base address is the
#     maximum limit for the native heap growth. Please use -XX:HeapBaseMinAddress
#     to set the Java Heap base and to place the Java Heap above 4GB virtual address.
# This output file may be truncated or incomplete.
#
#  Out of Memory Error (allocation.cpp:389), pid=2124, tid=0x00000000000037ac
#
# JRE version: OpenJDK Runtime Environment (8.0_242-b01) (build 1.8.0_242-release-1644-b01)
# Java VM: OpenJDK 64-Bit Server VM (25.242-b01 mixed mode windows-amd64 compressed oops)
# Failed to write core dump. Minidumps are not enabled by default on client versions of Windows
#

---------------  T H R E A D  ---------------

Current thread (0x0000000016643000):  JavaThread "C2 CompilerThread0" daemon [_thread_in_native, id=14252, stack(0x0000000017ca0000,0x0000000017da0000)]

Stack: [0x0000000017ca0000,0x0000000017da0000]
[error occurred during error reporting (printing stack bounds), id 0xc0000005]

Native frames: (J=compiled Java code, j=interpreted, Vv=VM code, C=native code)


Current CompileTask:
C2:  23849 9313 % !   4       com.android.ide.common.resources.DataMerger::mergeData @ 247 (611 bytes)


---------------  P R O C E S S  ---------------

Java Threads: ( => current thread )
  0x000000001ceb7000 JavaThread "Cache worker for execution history cache (E:\kCompute projects\TCF_FeesCollection\.gradle\5.4.1\executionHistory)" [_thread_blocked, id=14220, stack(0x00000000252c0000,0x00000000253c0000)]
  0x00000000189cc800 JavaThread "Execution worker for ':' Thread 3" [_thread_blocked, id=2596, stack(0x00000000251c0000,0x00000000252c0000)]
  0x00000000189cb000 JavaThread "Execution worker for ':' Thread 2" [_thread_in_Java, id=3740, stack(0x00000000250c0000,0x00000000251c0000)]
  0x00000000189c9800 JavaThread "Execution worker for ':'" [_thread_blocked, id=13052, stack(0x0000000022a30000,0x0000000022b30000)]
  0x00000000189c8800 JavaThread "Cache worker for file content cache (E:\kCompute projects\TCF_FeesCollection\.gradle\5.4.1\fileContent)" [_thread_blocked, id=4316, stack(0x0000000022530000,0x0000000022630000)]
  0x00000000189c8000 JavaThread "Cache worker for file content cache (C:\Users\there\.gradle\caches\5.4.1\fileContent)" [_thread_blocked, id=14304, stack(0x0000000022430000,0x0000000022530000)]
  0x00000000189ca000 JavaThread "Memory manager" [_thread_blocked, id=13780, stack(0x0000000020d50000,0x0000000020e50000)]
  0x00000000189c7000 JavaThread "pool-1-thread-1" [_thread_blocked, id=6996, stack(0x00000000208b0000,0x00000000209b0000)]
  0x00000000189cb800 JavaThread "Cache worker for Build Output Cleanup Cache (E:\kCompute projects\TCF_FeesCollection\.gradle\buildOutputCleanup)" [_thread_blocked, id=3676, stack(0x00000000207b0000,0x00000000208b0000)]
  0x00000000189c5000 JavaThread "Build operations Thread 4" [_thread_blocked, id=8292, stack(0x0000000021130000,0x0000000021230000)]
  0x00000000189c4000 JavaThread "Build operations Thread 3" [_thread_blocked, id=2592, stack(0x0000000021030000,0x0000000021130000)]
  0x00000000189bf000 JavaThread "Build operations Thread 2" [_thread_blocked, id=4260, stack(0x0000000020f30000,0x0000000021030000)]
  0x00000000189c2000 JavaThread "Build operations" [_thread_blocked, id=6648, stack(0x0000000020a40000,0x0000000020b40000)]
  0x00000000189c2800 JavaThread "Cache worker for execution history cache (C:\Users\there\.gradle\caches\5.4.1\executionHistory)" [_thread_blocked, id=2676, stack(0x00000000206b0000,0x00000000207b0000)]
  0x00000000189c1000 JavaThread "Cache worker for cache directory md-rule (C:\Users\there\.gradle\caches\5.4.1\md-rule)" [_thread_blocked, id=8020, stack(0x000000001eb10000,0x000000001ec10000)]
  0x00000000189c0800 JavaThread "Cache worker for cache directory md-supplier (C:\Users\there\.gradle\caches\5.4.1\md-supplier)" [_thread_blocked, id=13188, stack(0x000000001e860000,0x000000001e960000)]
  0x000000001665d800 JavaThread "Cache worker for file hash cache (E:\kCompute projects\TCF_FeesCollection\.gradle\5.4.1\fileHashes)" [_thread_blocked, id=2328, stack(0x000000001ea10000,0x000000001eb10000)]
  0x0000000016661000 JavaThread "Cache worker for journal cache (C:\Users\there\.gradle\caches\journal-1)" [_thread_blocked, id=12228, stack(0x000000001b1f0000,0x000000001b2f0000)]
  0x0000000016662800 JavaThread "File lock request listener" [_thread_in_native, id=4936, stack(0x000000001b0f0000,0x000000001b1f0000)]
  0x000000001665c800 JavaThread "Cache worker for file hash cache (C:\Users\there\.gradle\caches\5.4.1\fileHashes)" [_thread_blocked, id=3132, stack(0x000000001aff0000,0x000000001b0f0000)]
  0x00000000194f0000 JavaThread "Thread-9" [_thread_blocked, id=13852, stack(0x000000001aef0000,0x000000001aff0000)]
  0x00000000194e9000 JavaThread "Stdin handler" [_thread_blocked, id=13904, stack(0x000000001adf0000,0x000000001aef0000)]
  0x00000000196e6800 JavaThread "Asynchronous log dispatcher for DefaultDaemonConnection: socket connection from /127.0.0.1:10842 to /127.0.0.1:10843" [_thread_blocked, id=13988, stack(0x000000001acf0000,0x000000001adf0000)]
  0x00000000194db800 JavaThread "Daemon worker" [_thread_blocked, id=2520, stack(0x000000001abf0000,0x000000001acf0000)]
  0x00000000195a5000 JavaThread "Cancel handler" [_thread_blocked, id=9700, stack(0x000000001aaf0000,0x000000001abf0000)]
  0x0000000019a89000 JavaThread "Handler for socket connection from /127.0.0.1:10842 to /127.0.0.1:10843" [_thread_in_native, id=10988, stack(0x000000001a7f0000,0x000000001a8f0000)]
  0x000000001805e000 JavaThread "Daemon" [_thread_blocked, id=12332, stack(0x000000001a6f0000,0x000000001a7f0000)]
  0x00000000181c2000 JavaThread "Daemon periodic checks" [_thread_blocked, id=6896, stack(0x000000001a5f0000,0x000000001a6f0000)]
  0x00000000181c6800 JavaThread "Incoming local TCP Connector on port 10842" [_thread_in_native, id=13328, stack(0x000000001a3b0000,0x000000001a4b0000)]
  0x00000000197a5800 JavaThread "Daemon health stats" [_thread_blocked, id=12108, stack(0x0000000019d70000,0x0000000019e70000)]
  0x0000000017fd8800 JavaThread "Service Thread" daemon [_thread_blocked, id=4180, stack(0x00000000183a0000,0x00000000184a0000)]
  0x0000000016660800 JavaThread "C1 CompilerThread2" daemon [_thread_blocked, id=4972, stack(0x0000000017ea0000,0x0000000017fa0000)]
  0x000000001664f000 JavaThread "C2 CompilerThread1" daemon [_thread_in_native, id=8100, stack(0x0000000017da0000,0x0000000017ea0000)]
=>0x0000000016643000 JavaThread "C2 CompilerThread0" daemon [_thread_in_native, id=14252, stack(0x0000000017ca0000,0x0000000017da0000)]
  0x0000000016641000 JavaThread "Attach Listener" daemon [_thread_blocked, id=4132, stack(0x0000000017ba0000,0x0000000017ca0000)]
  0x0000000016645800 JavaThread "Signal Dispatcher" daemon [_thread_blocked, id=2968, stack(0x0000000017aa0000,0x0000000017ba0000)]
  0x0000000002ccb000 JavaThread "Finalizer" daemon [_thread_blocked, id=7284, stack(0x00000000178a0000,0x00000000179a0000)]
  0x0000000016629000 JavaThread "Reference Handler" daemon [_thread_blocked, id=13228, stack(0x00000000177a0000,0x00000000178a0000)]
  0x0000000000e8d800 JavaThread "main" [_thread_blocked, id=2168, stack(0x0000000002ad0000,0x0000000002bd0000)]

Other Threads:
  0x0000000016606000 VMThread [stack: 0x00000000176a0000,0x00000000177a0000] [id=6392]
  0x0000000016693000 WatcherThread [stack: 0x00000000184a0000,0x00000000185a0000] [id=7780]

VM state:not at safepoint (normal execution)

VM Mutex/Monitor currently owned by a thread: None

heap address: 0x00000000a0000000, size: 1536 MB, Compressed Oops mode: 32-bit
Narrow klass base: 0x0000000000000000, Narrow klass shift: 3
Compressed class space size: 1073741824 Address: 0x0000000100000000

Heap:
 PSYoungGen      total 189952K, used 179658K [0x00000000e0000000, 0x00000000eed00000, 0x0000000100000000)
  eden space 171008K, 94% used [0x00000000e0000000,0x00000000e9e5d8e0,0x00000000ea700000)
  from space 18944K, 92% used [0x00000000ea700000,0x00000000eb815038,0x00000000eb980000)
  to   space 20992K, 0% used [0x00000000ed880000,0x00000000ed880000,0x00000000eed00000)
 ParOldGen       total 142336K, used 35717K [0x00000000a0000000, 0x00000000a8b00000, 0x00000000e0000000)
  object space 142336K, 25% used [0x00000000a0000000,0x00000000a22e1710,0x00000000a8b00000)
 Metaspace       used 66870K, capacity 69078K, committed 69288K, reserved 1110016K
  class space    used 8979K, capacity 9523K, committed 9640K, reserved 1048576K

Card table byte_map: [0x0000000012090000,0x00000000123a0000] byte_map_base: 0x0000000011b90000

Marking Bits: (ParMarkBitMap*) 0x000000007102f030
 Begin Bits: [0x00000000129a0000, 0x00000000141a0000)
 End Bits:   [0x00000000141a0000, 0x00000000159a0000)

Polling page: 0x0000000000e40000

CodeCache: size=245760Kb used=26196Kb max_used=26196Kb free=219563Kb
 bounds [0x0000000002cd0000, 0x0000000004690000, 0x0000000011cd0000]
 total_blobs=9044 nmethods=8203 adapters=753
 compilation: enabled

Compilation events (10 events):
Event: 23.778 Thread 0x0000000016660800 9377       3       com.android.utils.XmlUtils::attachSourceFile (12 bytes)
Event: 23.778 Thread 0x0000000016660800 nmethod 9377 0x00000000046818d0 code [0x0000000004681a40, 0x0000000004681c48]
Event: 23.778 Thread 0x0000000016660800 9378       3       com.sun.org.apache.xerces.internal.dom.DeferredDocumentImpl::getImplementation (4 bytes)
Event: 23.778 Thread 0x0000000016660800 nmethod 9378 0x0000000004681d10 code [0x0000000004681e80, 0x0000000004682030]
Event: 23.778 Thread 0x0000000016660800 9379       3       com.sun.org.apache.xerces.internal.dom.DeferredDOMImplementationImpl::getDOMImplementation (4 bytes)
Event: 23.778 Thread 0x0000000016660800 nmethod 9379 0x00000000046820d0 code [0x0000000004682220, 0x0000000004682350]
Event: 23.782 Thread 0x0000000016660800 9389       2       sun.management.MemoryPoolImpl::getType (15 bytes)
Event: 23.783 Thread 0x0000000016660800 nmethod 9389 0x00000000046823d0 code [0x0000000004682520, 0x0000000004682690]
Event: 23.810 Thread 0x0000000016660800 9391       2       com.sun.org.apache.xerces.internal.dom.AttrImpl::getName (16 bytes)
Event: 23.811 Thread 0x0000000016660800 nmethod 9391 0x0000000004682710 code [0x0000000004682880, 0x0000000004682a28]

GC Heap History (10 events):
Event: 10.008 GC heap before
{Heap before GC invocations=12 (full 2):
 PSYoungGen      total 118272K, used 107008K [0x00000000e0000000, 0x00000000ea700000, 0x0000000100000000)
  eden space 107008K, 100% used [0x00000000e0000000,0x00000000e6880000,0x00000000e6880000)
  from space 11264K, 0% used [0x00000000e6880000,0x00000000e6880000,0x00000000e7380000)
  to   space 11776K, 0% used [0x00000000e9b80000,0x00000000e9b80000,0x00000000ea700000)
 ParOldGen       total 91136K, used 17340K [0x00000000a0000000, 0x00000000a5900000, 0x00000000e0000000)
  object space 91136K, 19% used [0x00000000a0000000,0x00000000a10ef0d0,0x00000000a5900000)
 Metaspace       used 45310K, capacity 46256K, committed 46632K, reserved 1089536K
  class space    used 6105K, capacity 6409K, committed 6440K, reserved 1048576K
Event: 10.034 GC heap after
Heap after GC invocations=12 (full 2):
 PSYoungGen      total 146944K, used 11765K [0x00000000e0000000, 0x00000000ea700000, 0x0000000100000000)
  eden space 135168K, 0% used [0x00000000e0000000,0x00000000e0000000,0x00000000e8400000)
  from space 11776K, 99% used [0x00000000e9b80000,0x00000000ea6fd588,0x00000000ea700000)
  to   space 14336K, 0% used [0x00000000e8b00000,0x00000000e8b00000,0x00000000e9900000)
 ParOldGen       total 91136K, used 20276K [0x00000000a0000000, 0x00000000a5900000, 0x00000000e0000000)
  object space 91136K, 22% used [0x00000000a0000000,0x00000000a13cd170,0x00000000a5900000)
 Metaspace       used 45310K, capacity 46256K, committed 46632K, reserved 1089536K
  class space    used 6105K, capacity 6409K, committed 6440K, reserved 1048576K
}
Event: 12.019 GC heap before
{Heap before GC invocations=13 (full 2):
 PSYoungGen      total 146944K, used 146933K [0x00000000e0000000, 0x00000000ea700000, 0x0000000100000000)
  eden space 135168K, 100% used [0x00000000e0000000,0x00000000e8400000,0x00000000e8400000)
  from space 11776K, 99% used [0x00000000e9b80000,0x00000000ea6fd588,0x00000000ea700000)
  to   space 14336K, 0% used [0x00000000e8b00000,0x00000000e8b00000,0x00000000e9900000)
 ParOldGen       total 91136K, used 20276K [0x00000000a0000000, 0x00000000a5900000, 0x00000000e0000000)
  object space 91136K, 22% used [0x00000000a0000000,0x00000000a13cd170,0x00000000a5900000)
 Metaspace       used 53351K, capacity 54910K, committed 55080K, reserved 1097728K
  class space    used 7259K, capacity 7716K, committed 7720K, reserved 1048576K
Event: 12.059 GC heap after
Heap after GC invocations=13 (full 2):
 PSYoungGen      total 156672K, used 14306K [0x00000000e0000000, 0x00000000ecc00000, 0x0000000100000000)
  eden space 142336K, 0% used [0x00000000e0000000,0x00000000e0000000,0x00000000e8b00000)
  from space 14336K, 99% used [0x00000000e8b00000,0x00000000e98f88f8,0x00000000e9900000)
  to   space 18944K, 0% used [0x00000000eb980000,0x00000000eb980000,0x00000000ecc00000)
 ParOldGen       total 91136K, used 28142K [0x00000000a0000000, 0x00000000a5900000, 0x00000000e0000000)
  object space 91136K, 30% used [0x00000000a0000000,0x00000000a1b7b940,0x00000000a5900000)
 Metaspace       used 53351K, capacity 54910K, committed 55080K, reserved 1097728K
  class space    used 7259K, capacity 7716K, committed 7720K, reserved 1048576K
}
Event: 13.139 GC heap before
{Heap before GC invocations=14 (full 2):
 PSYoungGen      total 156672K, used 67103K [0x00000000e0000000, 0x00000000ecc00000, 0x0000000100000000)
  eden space 142336K, 37% used [0x00000000e0000000,0x00000000e338f400,0x00000000e8b00000)
  from space 14336K, 99% used [0x00000000e8b00000,0x00000000e98f88f8,0x00000000e9900000)
  to   space 18944K, 0% used [0x00000000eb980000,0x00000000eb980000,0x00000000ecc00000)
 ParOldGen       total 91136K, used 28142K [0x00000000a0000000, 0x00000000a5900000, 0x00000000e0000000)
  object space 91136K, 30% used [0x00000000a0000000,0x00000000a1b7b940,0x00000000a5900000)
 Metaspace       used 57440K, capacity 59124K, committed 59160K, reserved 1099776K
  class space    used 7854K, capacity 8343K, committed 8360K, reserved 1048576K
Event: 13.166 GC heap after
Heap after GC invocations=14 (full 2):
 PSYoungGen      total 189952K, used 5212K [0x00000000e0000000, 0x00000000ed680000, 0x0000000100000000)
  eden space 171008K, 0% used [0x00000000e0000000,0x00000000e0000000,0x00000000ea700000)
  from space 18944K, 27% used [0x00000000eb980000,0x00000000ebe97360,0x00000000ecc00000)
  to   space 18944K, 0% used [0x00000000ea700000,0x00000000ea700000,0x00000000eb980000)
 ParOldGen       total 91136K, used 36756K [0x00000000a0000000, 0x00000000a5900000, 0x00000000e0000000)
  object space 91136K, 40% used [0x00000000a0000000,0x00000000a23e5048,0x00000000a5900000)
 Metaspace       used 57440K, capacity 59124K, committed 59160K, reserved 1099776K
  class space    used 7854K, capacity 8343K, committed 8360K, reserved 1048576K
}
Event: 13.166 GC heap before
{Heap before GC invocations=15 (full 3):
 PSYoungGen      total 189952K, used 5212K [0x00000000e0000000, 0x00000000ed680000, 0x0000000100000000)
  eden space 171008K, 0% used [0x00000000e0000000,0x00000000e0000000,0x00000000ea700000)
  from space 18944K, 27% used [0x00000000eb980000,0x00000000ebe97360,0x00000000ecc00000)
  to   space 18944K, 0% used [0x00000000ea700000,0x00000000ea700000,0x00000000eb980000)
 ParOldGen       total 91136K, used 36756K [0x00000000a0000000, 0x00000000a5900000, 0x00000000e0000000)
  object space 91136K, 40% used [0x00000000a0000000,0x00000000a23e5048,0x00000000a5900000)
 Metaspace       used 57440K, capacity 59124K, committed 59160K, reserved 1099776K
  class space    used 7854K, capacity 8343K, committed 8360K, reserved 1048576K
Event: 13.590 GC heap after
Heap after GC invocations=15 (full 3):
 PSYoungGen      total 189952K, used 0K [0x00000000e0000000, 0x00000000ed680000, 0x0000000100000000)
  eden space 171008K, 0% used [0x00000000e0000000,0x00000000e0000000,0x00000000ea700000)
  from space 18944K, 0% used [0x00000000eb980000,0x00000000eb980000,0x00000000ecc00000)
  to   space 18944K, 0% used [0x00000000ea700000,0x00000000ea700000,0x00000000eb980000)
 ParOldGen       total 142336K, used 35709K [0x00000000a0000000, 0x00000000a8b00000, 0x00000000e0000000)
  object space 142336K, 25% used [0x00000000a0000000,0x00000000a22df710,0x00000000a8b00000)
 Metaspace       used 57440K, capacity 59124K, committed 59160K, reserved 1099776K
  class space    used 7854K, capacity 8343K, committed 8360K, reserved 1048576K
}
Event: 19.253 GC heap before
{Heap before GC invocations=16 (full 3):
 PSYoungGen      total 189952K, used 171008K [0x00000000e0000000, 0x00000000ed680000, 0x0000000100000000)
  eden space 171008K, 100% used [0x00000000e0000000,0x00000000ea700000,0x00000000ea700000)
  from space 18944K, 0% used [0x00000000eb980000,0x00000000eb980000,0x00000000ecc00000)
  to   space 18944K, 0% used [0x00000000ea700000,0x00000000ea700000,0x00000000eb980000)
 ParOldGen       total 142336K, used 35709K [0x00000000a0000000, 0x00000000a8b00000, 0x00000000e0000000)
  object space 142336K, 25% used [0x00000000a0000000,0x00000000a22df710,0x00000000a8b00000)
 Metaspace       used 64164K, capacity 66198K, committed 66344K, reserved 1105920K
  class space    used 8672K, capacity 9190K, committed 9256K, reserved 1048576K
Event: 19.280 GC heap after
Heap after GC invocations=16 (full 3):
 PSYoungGen      total 189952K, used 17492K [0x00000000e0000000, 0x00000000eed00000, 0x0000000100000000)
  eden space 171008K, 0% used [0x00000000e0000000,0x00000000e0000000,0x00000000ea700000)
  from space 18944K, 92% used [0x00000000ea700000,0x00000000eb815038,0x00000000eb980000)
  to   space 20992K, 0% used [0x00000000ed880000,0x00000000ed880000,0x00000000eed00000)
 ParOldGen       total 142336K, used 35717K [0x00000000a0000000, 0x00000000a8b00000, 0x00000000e0000000)
  object space 142336K, 25% used [0x00000000a0000000,0x00000000a22e1710,0x00000000a8b00000)
 Metaspace       used 64164K, capacity 66198K, committed 66344K, reserved 1105920K
  class space    used 8672K, capacity 9190K, committed 9256K, reserved 1048576K
}

Deoptimization events (10 events):
Event: 23.330 Thread 0x00000000189cb000 Uncommon trap: reason=unstable_if action=reinterpret pc=0x0000000002eb696c method=java.util.Arrays.hashCode([Ljava/lang/Object;)I @ 34
Event: 23.513 Thread 0x00000000189cb000 Uncommon trap: reason=unstable_if action=reinterpret pc=0x0000000004628b34 method=com.google.gson.stream.JsonReader.nextString()Ljava/lang/String; @ 6
Event: 23.576 Thread 0x00000000189cb000 Uncommon trap: reason=unstable_if action=reinterpret pc=0x000000000349c2ac method=java.lang.Integer.parseInt(Ljava/lang/String;I)I @ 122
Event: 23.586 Thread 0x00000000189cb000 Uncommon trap: reason=unstable_if action=reinterpret pc=0x00000000046327b8 method=java.lang.Integer.parseInt(Ljava/lang/String;I)I @ 122
Event: 23.737 Thread 0x00000000189cb000 Uncommon trap: reason=unstable_if action=reinterpret pc=0x0000000002feebe4 method=com.sun.org.apache.xerces.internal.dom.NodeImpl.hasStringValue(Z)V @ 2
Event: 23.737 Thread 0x00000000189cb000 Uncommon trap: reason=unstable_if action=reinterpret pc=0x0000000003b2d720 method=com.sun.org.apache.xerces.internal.dom.NodeImpl.isOwned(Z)V @ 2
Event: 23.737 Thread 0x00000000189cb000 Uncommon trap: reason=unstable_if action=reinterpret pc=0x000000000458821c method=com.sun.org.apache.xerces.internal.dom.NodeImpl.hasStringValue()Z @ 8
Event: 23.739 Thread 0x00000000189cb000 Uncommon trap: reason=unstable_if action=reinterpret pc=0x000000000309cf04 method=com.sun.org.apache.xerces.internal.dom.DeferredDocumentImpl.getChunkIndex([[III)I @ 3
Event: 23.765 Thread 0x00000000189cb000 Uncommon trap: reason=unstable_if action=reinterpret pc=0x0000000002e0d1d8 method=com.sun.org.apache.xerces.internal.dom.ElementImpl.getAttributes()Lorg/w3c/dom/NamedNodeMap; @ 4
Event: 23.775 Thread 0x00000000189cb000 Uncommon trap: reason=unstable_if action=reinterpret pc=0x000000000366d940 method=com.sun.org.apache.xerces.internal.dom.DeferredAttrNSImpl.synchronizeData()V @ 36

Classes redefined (0 events):
No events

Internal exceptions (10 events):
Event: 19.663 Thread 0x00000000194f0000 Exception <a 'java/lang/NoSuchMethodError': <clinit>> (0x00000000e092d7c0) thrown at [C:\src\AOSP-openjdk-git\hotspot\src\share\vm\prims\jni.cpp, line 1615]
Event: 20.093 Thread 0x00000000189bf000 Implicit null exception at 0x00000000043178eb to 0x0000000004317c98
Event: 22.263 Thread 0x00000000189cb000 Implicit null exception at 0x0000000002ec6f1e to 0x0000000002ec70a1
Event: 22.461 Thread 0x00000000189cb000 Implicit null exception at 0x0000000003640b3f to 0x0000000003640d5d
Event: 22.636 Thread 0x00000000189cb000 Implicit null exception at 0x00000000030f15ae to 0x00000000030f19d9
Event: 23.058 Thread 0x00000000189cb000 Exception <a 'java/lang/ClassNotFoundException': org/gradle/api/internal/artifacts/ivyservice/dependencysubstitution/DefaultDependencyResolveDetailsBeanInfo> (0x00000000e8433520) thrown at [C:\src\AOSP-openjdk-git\hotspot\src\share\vm\classfile\systemDict
Event: 23.063 Thread 0x00000000189cb000 Exception <a 'java/lang/ClassNotFoundException': org/gradle/api/internal/artifacts/ivyservice/dependencysubstitution/DefaultDependencyResolveDetailsCustomizer> (0x00000000e84a3488) thrown at [C:\src\AOSP-openjdk-git\hotspot\src\share\vm\classfile\systemDi
Event: 23.216 Thread 0x00000000189cb000 Implicit null exception at 0x0000000002f0ac2f to 0x0000000002f0b37f
Event: 23.330 Thread 0x00000000189cb000 Implicit null exception at 0x0000000002eb68af to 0x0000000002eb694d
Event: 23.739 Thread 0x00000000189cb000 Implicit null exception at 0x000000000309ce9a to 0x000000000309ceed

Events (10 events):
Event: 23.739 Thread 0x00000000189cb000 DEOPT PACKING pc=0x000000000309cf04 sp=0x00000000251bb020
Event: 23.739 Thread 0x00000000189cb000 DEOPT UNPACKING pc=0x0000000002d1557b sp=0x00000000251bafd8 mode 2
Event: 23.765 Thread 0x00000000189cb000 Uncommon trap: trap_request=0xffffff65 fr.pc=0x0000000002e0d1d8
Event: 23.765 Thread 0x00000000189cb000 DEOPT PACKING pc=0x0000000002e0d1d8 sp=0x00000000251bb140
Event: 23.765 Thread 0x00000000189cb000 DEOPT UNPACKING pc=0x0000000002d1557b sp=0x00000000251bb0e8 mode 2
Event: 23.775 Thread 0x00000000189cb000 Uncommon trap: trap_request=0xffffff65 fr.pc=0x000000000366d940
Event: 23.775 Thread 0x00000000189cb000 DEOPT PACKING pc=0x000000000366d940 sp=0x00000000251bb110
Event: 23.775 Thread 0x00000000189cb000 DEOPT UNPACKING pc=0x0000000002d1557b sp=0x00000000251bb0b0 mode 2
Event: 23.835 loading class com/android/utils/XmlUtils$PositionAwareStringBuilder
Event: 23.835 loading class com/android/utils/XmlUtils$PositionAwareStringBuilder done


Dynamic libraries:
0x00007ff676370000 - 0x00007ff6763a1000 	C:\Program Files\Android\Android Studio\jre\bin\java.exe
0x00007ffc95f10000 - 0x00007ffc96104000 	C:\Windows\SYSTEM32\ntdll.dll
0x00007ffc94640000 - 0x00007ffc946fd000 	C:\Windows\System32\KERNEL32.DLL
0x00007ffc93820000 - 0x00007ffc93ae7000 	C:\Windows\System32\KERNELBASE.dll
0x00007ffc95dd0000 - 0x00007ffc95e7a000 	C:\Windows\System32\ADVAPI32.dll
0x00007ffc95460000 - 0x00007ffc954fe000 	C:\Windows\System32\msvcrt.dll
0x00007ffc940c0000 - 0x00007ffc9415b000 	C:\Windows\System32\sechost.dll
0x00007ffc95bc0000 - 0x00007ffc95ce3000 	C:\Windows\System32\RPCRT4.dll
0x00007ffc94210000 - 0x00007ffc943b0000 	C:\Windows\System32\USER32.dll
0x00007ffc93f20000 - 0x00007ffc93f42000 	C:\Windows\System32\win32u.dll
0x00007ffc94610000 - 0x00007ffc9463a000 	C:\Windows\System32\GDI32.dll
0x00007ffc93660000 - 0x00007ffc9376a000 	C:\Windows\System32\gdi32full.dll
0x00007ffc93d20000 - 0x00007ffc93dbd000 	C:\Windows\System32\msvcp_win.dll
0x00007ffc93af0000 - 0x00007ffc93bf0000 	C:\Windows\System32\ucrtbase.dll
0x00007ffc826e0000 - 0x00007ffc8297a000 	C:\Windows\WinSxS\amd64_microsoft.windows.common-controls_6595b64144ccf1df_6.0.19041.1_none_b555e41d4684ddec\COMCTL32.dll
0x00007ffc95e80000 - 0x00007ffc95eb0000 	C:\Windows\System32\IMM32.DLL
0x000000006fd10000 - 0x000000006fde2000 	C:\Program Files\Android\Android Studio\jre\jre\bin\msvcr100.dll
0x0000000070860000 - 0x00000000710ab000 	C:\Program Files\Android\Android Studio\jre\jre\bin\server\jvm.dll
0x00007ffc952c0000 - 0x00007ffc952c8000 	C:\Windows\System32\PSAPI.DLL
0x00007ffc8c670000 - 0x00007ffc8c679000 	C:\Windows\SYSTEM32\WSOCK32.dll
0x00007ffc95a70000 - 0x00007ffc95adb000 	C:\Windows\System32\WS2_32.dll
0x00007ffc87c00000 - 0x00007ffc87c0a000 	C:\Windows\SYSTEM32\VERSION.dll
0x00007ffc87370000 - 0x00007ffc87397000 	C:\Windows\SYSTEM32\WINMM.dll
0x00007ffc91040000 - 0x00007ffc9104f000 	C:\Program Files\Android\Android Studio\jre\jre\bin\verify.dll
0x00007ffc91010000 - 0x00007ffc91039000 	C:\Program Files\Android\Android Studio\jre\jre\bin\java.dll
0x00007ffc8d270000 - 0x00007ffc8d286000 	C:\Program Files\Android\Android Studio\jre\jre\bin\zip.dll
0x00007ffc94b80000 - 0x00007ffc952b5000 	C:\Windows\System32\SHELL32.dll
0x00007ffc917f0000 - 0x00007ffc91f7f000 	C:\Windows\SYSTEM32\windows.storage.dll
0x00007ffc95710000 - 0x00007ffc95a63000 	C:\Windows\System32\combase.dll
0x00007ffc93010000 - 0x00007ffc9303b000 	C:\Windows\SYSTEM32\Wldp.dll
0x00007ffc94560000 - 0x00007ffc9460e000 	C:\Windows\System32\SHCORE.dll
0x00007ffc95620000 - 0x00007ffc95675000 	C:\Windows\System32\shlwapi.dll
0x00007ffc935a0000 - 0x00007ffc935bf000 	C:\Windows\SYSTEM32\profapi.dll
0x00007ffc8d250000 - 0x00007ffc8d26a000 	C:\Program Files\Android\Android Studio\jre\jre\bin\net.dll
0x00007ffc92d90000 - 0x00007ffc92dfa000 	C:\Windows\system32\mswsock.dll
0x00007ffc8c690000 - 0x00007ffc8c6a3000 	C:\Program Files\Android\Android Studio\jre\jre\bin\nio.dll
0x00007ffc7b940000 - 0x00007ffc7b966000 	C:\Users\there\.gradle\native\29\windows-amd64\native-platform.dll
0x00007ffc90fe0000 - 0x00007ffc90fed000 	C:\Program Files\Android\Android Studio\jre\jre\bin\management.dll
0x00007ffc92f70000 - 0x00007ffc92f88000 	C:\Windows\SYSTEM32\CRYPTSP.dll
0x00007ffc92720000 - 0x00007ffc92754000 	C:\Windows\system32\rsaenh.dll
0x00007ffc93f50000 - 0x00007ffc93f77000 	C:\Windows\System32\bcrypt.dll
0x00007ffc93560000 - 0x00007ffc9358e000 	C:\Windows\SYSTEM32\USERENV.dll
0x00007ffc93c40000 - 0x00007ffc93cbf000 	C:\Windows\System32\bcryptprimitives.dll
0x00007ffc92f60000 - 0x00007ffc92f6c000 	C:\Windows\SYSTEM32\CRYPTBASE.dll
0x00007ffc92a80000 - 0x00007ffc92abb000 	C:\Windows\SYSTEM32\IPHLPAPI.DLL
0x00007ffc95cf0000 - 0x00007ffc95cf9000 	C:\Windows\System32\NSI.dll
0x00007ffc89240000 - 0x00007ffc89257000 	C:\Windows\SYSTEM32\dhcpcsvc6.DLL
0x00007ffc892a0000 - 0x00007ffc892bd000 	C:\Windows\SYSTEM32\dhcpcsvc.DLL
0x00007ffc92ac0000 - 0x00007ffc92b8a000 	C:\Windows\SYSTEM32\DNSAPI.dll
0x00007ffc7f540000 - 0x00007ffc7f564000 	C:\Program Files\Android\Android Studio\jre\jre\bin\sunec.dll
0x00007ffc863c0000 - 0x00007ffc863ca000 	C:\Windows\System32\rasadhlp.dll
0x00007ffc86f70000 - 0x00007ffc86fef000 	C:\Windows\System32\fwpuclnt.dll
0x00007ffc8e210000 - 0x00007ffc8e21b000 	C:\Program Files\Android\Android Studio\jre\jre\bin\sunmscapi.dll
0x00007ffc93dc0000 - 0x00007ffc93f1d000 	C:\Windows\System32\CRYPT32.dll

VM Arguments:
jvm_args: -Xmx1536m -Dfile.encoding=windows-1252 -Duser.country=US -Duser.language=en -Duser.variant 
java_command: org.gradle.launcher.daemon.bootstrap.GradleDaemon 5.4.1
java_class_path (initial): C:\Users\there\.gradle\wrapper\dists\gradle-5.4.1-all\3221gyojl5jsh0helicew7rwx\gradle-5.4.1\lib\gradle-launcher-5.4.1.jar
Launcher Type: SUN_STANDARD

Environment Variables:
PATH=C:\Windows\system32;C:\Windows;C:\Windows\System32\Wbem;C:\Windows\System32\WindowsPowerShell\v1.0\;C:\Windows\System32\OpenSSH\;C:\Program Files\TortoiseGit\bin;C:\Program Files\Git\cmd;C:\Users\there\AppData\Local\Microsoft\WindowsApps
USERNAME=there
OS=Windows_NT
PROCESSOR_IDENTIFIER=Intel64 Family 6 Model 61 Stepping 4, GenuineIntel



---------------  S Y S T E M  ---------------

OS: Windows 10.0 , 64 bit Build 19041 (10.0.19041.292)

CPU:total 4 (initial active 4) (2 cores per cpu, 2 threads per core) family 6 model 61 stepping 4, cmov, cx8, fxsr, mmx, sse, sse2, sse3, ssse3, sse4.1, sse4.2, popcnt, avx, avx2, aes, clmul, erms, 3dnowpref, lzcnt, ht, tsc, tscinvbit, bmi1, bmi2, adx

Memory: 4k page, physical 8306864k(875512k free), swap 23799860k(3864k free)

vm_info: OpenJDK 64-Bit Server VM (25.242-b01) for windows-amd64 JRE (1.8.0_242-release-1644-b01), built by "builder" with MS VC++ 10.0 (VS2010)

time: Fri Jul 24 15:47:27 2020
timezone: Pakistan Standard Time
elapsed time: 23 seconds (0d 0h 0m 23s)

